<?xml version="1.0" encoding="UTF-8"?>
<testng-results skipped="0" failed="0" ignored="0" total="1" passed="1">
  <reporter-output>
  </reporter-output>
  <suite name="Smoke Tests" duration-ms="18739" started-at="2018-03-09T18:17:44Z" finished-at="2018-03-09T18:18:02Z">
    <groups>
    </groups>
    <test name="TC001_VerifyLoginwithInvalidCredentials" duration-ms="18739" started-at="2018-03-09T18:17:44Z" finished-at="2018-03-09T18:18:02Z">
      <class name="com.test.automation.uiAutomation.LoginPage.TC001_VerifyLoginwithInvalidCredentials">
        <test-method status="PASS" signature="setUp()[pri:0, instance:com.test.automation.uiAutomation.LoginPage.TC001_VerifyLoginwithInvalidCredentials@6a41eaa2]" name="setUp" is-config="true" duration-ms="15658" started-at="2018-03-09T23:47:44Z" finished-at="2018-03-09T23:47:59Z">
          <reporter-output>
          </reporter-output>
        </test-method> <!-- setUp -->
        <test-method status="PASS" signature="verifyLoginwithInvalidCredentials()[pri:0, instance:com.test.automation.uiAutomation.LoginPage.TC001_VerifyLoginwithInvalidCredentials@6a41eaa2]" name="verifyLoginwithInvalidCredentials" duration-ms="3054" started-at="2018-03-09T23:47:59Z" finished-at="2018-03-09T23:48:02Z">
          <reporter-output>
          </reporter-output>
        </test-method> <!-- verifyLoginwithInvalidCredentials -->
        <test-method status="PASS" signature="endTest()[pri:0, instance:com.test.automation.uiAutomation.LoginPage.TC001_VerifyLoginwithInvalidCredentials@6a41eaa2]" name="endTest" is-config="true" duration-ms="0" started-at="2018-03-09T23:48:02Z" finished-at="2018-03-09T23:48:02Z">
          <reporter-output>
          </reporter-output>
        </test-method> <!-- endTest -->
      </class> <!-- com.test.automation.uiAutomation.LoginPage.TC001_VerifyLoginwithInvalidCredentials -->
    </test> <!-- TC001_VerifyLoginwithInvalidCredentials -->
  </suite> <!-- Smoke Tests -->
</testng-results>
