<?xml version="1.0" encoding="UTF-8"?>
<testng-results skipped="0" failed="0" ignored="0" total="1" passed="1">
  <reporter-output>
  </reporter-output>
  <suite name="Smoke Tests" duration-ms="20473" started-at="2018-03-12T17:47:53Z" finished-at="2018-03-12T17:48:13Z">
    <groups>
    </groups>
    <test name="TC001_VerifyLoginwithValidCredentials" duration-ms="20473" started-at="2018-03-12T17:47:53Z" finished-at="2018-03-12T17:48:13Z">
      <class name="com.test.automation.uiAutomation.LoginPage.TC001_VerifyLoginwithValidCredentials">
        <test-method status="PASS" signature="setUp()[pri:0, instance:com.test.automation.uiAutomation.LoginPage.TC001_VerifyLoginwithValidCredentials@39c0f4a]" name="setUp" is-config="true" duration-ms="17369" started-at="2018-03-12T23:17:53Z" finished-at="2018-03-12T23:18:10Z">
          <reporter-output>
          </reporter-output>
        </test-method> <!-- setUp -->
        <test-method status="PASS" signature="verifyLoginwithInvalidCredentials()[pri:0, instance:com.test.automation.uiAutomation.LoginPage.TC001_VerifyLoginwithValidCredentials@39c0f4a]" name="verifyLoginwithInvalidCredentials" duration-ms="3051" started-at="2018-03-12T23:18:10Z" finished-at="2018-03-12T23:18:13Z">
          <reporter-output>
          </reporter-output>
        </test-method> <!-- verifyLoginwithInvalidCredentials -->
        <test-method status="PASS" signature="endTest()[pri:0, instance:com.test.automation.uiAutomation.LoginPage.TC001_VerifyLoginwithValidCredentials@39c0f4a]" name="endTest" is-config="true" duration-ms="0" started-at="2018-03-12T23:18:13Z" finished-at="2018-03-12T23:18:13Z">
          <reporter-output>
          </reporter-output>
        </test-method> <!-- endTest -->
      </class> <!-- com.test.automation.uiAutomation.LoginPage.TC001_VerifyLoginwithValidCredentials -->
    </test> <!-- TC001_VerifyLoginwithValidCredentials -->
  </suite> <!-- Smoke Tests -->
</testng-results>
