<?xml version="1.0" encoding="UTF-8"?>
<!-- Generated by org.testng.reporters.JUnitXMLReporter -->
<testsuite hostname="sys-PC" ignored="0" name="TC001_VerifyLoginwithInvalidCredentials" tests="1" failures="0" timestamp="09 Mar 2018 18:18:02 GMT" time="18.739" errors="0">
  <testcase name="verifyLoginwithInvalidCredentials" time="3.054" classname="com.test.automation.uiAutomation.LoginPage.TC001_VerifyLoginwithInvalidCredentials"/>
</testsuite> <!-- TC001_VerifyLoginwithInvalidCredentials -->
